<?xml version="1.0" encoding="UTF-8"?>
<!-- Generated by org.testng.reporters.JUnitXMLReporter -->
<testsuite ignored="0" hostname="USBLRVEENAKK2" failures="0" tests="8" name="Default test" time="13.061" errors="0" timestamp="2024-03-04T11:49:24 IST">
  <testcase classname="testcases.HomePageTest" name="validateHomePageLogo" time="0.071"/>
  <testcase classname="testcases.HomePageTest" name="validateHeaders" time="0.749"/>
  <testcase classname="testcases.HomePageTest" name="verifyFullFledgeText" time="0.079"/>
  <testcase classname="testcases.HomePageTest" name="verifyLeftArrow" time="0.064"/>
  <testcase classname="testcases.HomePageTest" name="verifyRightArrow" time="0.047"/>
  <testcase classname="testcases.HomePageTest" name="verifyGirlImages" time="1.375"/>
  <testcase classname="testcases.HomePageTest" name="verifySubscription" time="0.055"/>
  <testcase classname="testcases.HomePageTest" name="verifySrollUpArrow" time="0.073"/>
</testsuite> <!-- Default test -->
